0 info it worked if it ends with ok
1 verbose cli [ 'C:\\Program Files\\nodejs\\node.exe',
1 verbose cli   'C:\\Program Files\\nodejs\\node_modules\\npm\\bin\\npm-cli.js',
1 verbose cli   'start' ]
2 info using npm@3.10.10
3 info using node@v6.10.3
4 verbose run-script [ 'prestart', 'start', 'poststart' ]
5 info lifecycle todomvc@0.0.1~prestart: todomvc@0.0.1
6 silly lifecycle todomvc@0.0.1~prestart: no script for prestart, continuing
7 info lifecycle todomvc@0.0.1~start: todomvc@0.0.1
8 verbose lifecycle todomvc@0.0.1~start: unsafe-perm in lifecycle true
9 verbose lifecycle todomvc@0.0.1~start: PATH: C:\Program Files\nodejs\node_modules\npm\bin\node-gyp-bin;C:\REACT\todoapp\github\todoapp\node_modules\.bin;C:\Program Files\Microsoft MPI\Bin\;C:\Program Files (x86)\Intel\iCLS Client\;C:\Program Files\Intel\iCLS Client\;C:\Windows\system32;C:\Windows;C:\Windows\System32\Wbem;C:\Windows\System32\WindowsPowerShell\v1.0\;C:\Program Files\Intel\Intel(R) Management Engine Components\DAL;C:\Program Files\Intel\Intel(R) Management Engine Components\IPT;C:\Program Files (x86)\Intel\Intel(R) Management Engine Components\DAL;C:\Program Files (x86)\Intel\Intel(R) Management Engine Components\IPT;C:\Program Files (x86)\NVIDIA Corporation\PhysX\Common;C:\Program Files\Microsoft SQL Server\120\Tools\Binn\;C:\Program Files\NCache\bin\tools;C:\Program Files\Microsoft SQL Server\Client SDK\ODBC\110\Tools\Binn\;C:\Program Files (x86)\Microsoft SQL Server\120\Tools\Binn\;C:\Program Files (x86)\Microsoft SQL Server\120\Tools\Binn\ManagementStudio\;C:\Program Files (x86)\Microsoft SQL Server\120\DTS\Binn\;C:\Program Files (x86)\LINQPad4;C:\Program Files (x86)\Skype\Phone\;C:\Program Files (x86)\QuickTime\QTSystem\;C:\Program Files\Microsoft SQL Server\120\DTS\Binn\;C:\Program Files\Microsoft\Web Platform Installer\;C:\Program Files\TortoiseSVN\bin;C:\Program Files (x86)\GtkSharp\2.12\bin;C:\Program Files (x86)\MKVToolNix;C:\Program Files\Anaconda3;C:\Program Files\Anaconda3\Scripts;C:\Program Files\Anaconda3\Library\bin;C:\Program Files\Microsoft SQL Server\130\Tools\Binn\;C:\Program Files (x86)\Xoreax\IncrediBuild;C:\Program Files\Git\cmd;C:\Program Files\dotnet\;C:\Program Files\nodejs\;D:\TCPDF\php-7.1.5-Win32-VC14-x64;C:\ProgramData\ComposerSetup\bin;C:\Program Files (x86)\GitExtensions\;;C:\Program Files (x86)\Microsoft VS Code\bin;C:\Users\X\AppData\Roaming\npm;C:\Users\X\AppData\Roaming\Composer\vendor\bin
10 verbose lifecycle todomvc@0.0.1~start: CWD: C:\REACT\todoapp\github\todoapp
11 silly lifecycle todomvc@0.0.1~start: Args: [ '/d /s /c', 'react-scripts start' ]
12 silly lifecycle todomvc@0.0.1~start: Returned: code: 3221225786  signal: null
13 info lifecycle todomvc@0.0.1~start: Failed to exec start script
14 verbose stack Error: todomvc@0.0.1 start: `react-scripts start`
14 verbose stack Exit status 3221225786
14 verbose stack     at EventEmitter.<anonymous> (C:\Program Files\nodejs\node_modules\npm\lib\utils\lifecycle.js:255:16)
14 verbose stack     at emitTwo (events.js:106:13)
14 verbose stack     at EventEmitter.emit (events.js:191:7)
14 verbose stack     at ChildProcess.<anonymous> (C:\Program Files\nodejs\node_modules\npm\lib\utils\spawn.js:40:14)
14 verbose stack     at emitTwo (events.js:106:13)
14 verbose stack     at ChildProcess.emit (events.js:191:7)
14 verbose stack     at maybeClose (internal/child_process.js:886:16)
14 verbose stack     at Process.ChildProcess._handle.onexit (internal/child_process.js:226:5)
15 verbose pkgid todomvc@0.0.1
16 verbose cwd C:\REACT\todoapp\github\todoapp
17 error Windows_NT 6.1.7601
18 error argv "C:\\Program Files\\nodejs\\node.exe" "C:\\Program Files\\nodejs\\node_modules\\npm\\bin\\npm-cli.js" "start"
19 error node v6.10.3
20 error npm  v3.10.10
21 error code ELIFECYCLE
22 error todomvc@0.0.1 start: `react-scripts start`
22 error Exit status 3221225786
23 error Failed at the todomvc@0.0.1 start script 'react-scripts start'.
23 error Make sure you have the latest version of node.js and npm installed.
23 error If you do, this is most likely a problem with the todomvc package,
23 error not with npm itself.
23 error Tell the author that this fails on your system:
23 error     react-scripts start
23 error You can get information on how to open an issue for this project with:
23 error     npm bugs todomvc
23 error Or if that isn't available, you can get their info via:
23 error     npm owner ls todomvc
23 error There is likely additional logging output above.
24 verbose exit [ 1, true ]
